[INFO] Not rendering RawBlock (Format "html") "<!-- # Conclusion\n\n- And the answer is...\n- $f(x)=\\sum_{n=0}^\\infty\\frac{f^{(n)}(a)}{n!}(x-a)^n$   -->"
[INFO] [makePDF] Temp dir:
  /tmp/tex2pdf.-f0c4aaee8010f64b
[INFO] [makePDF] Command line:
  lualatex "-halt-on-error" "-interaction" "nonstopmode" "-output-directory" "/tmp/tex2pdf.-f0c4aaee8010f64b" "/tmp/tex2pdf.-f0c4aaee8010f64b/input.tex"
[INFO] [makePDF] Relevant environment variables:
  ("TEXINPUTS","/tmp/tex2pdf.-f0c4aaee8010f64b:")
  ("TEXMFOUTPUT","/tmp/tex2pdf.-f0c4aaee8010f64b")
  ("PWD","/data/data")
  ("HOME","/root")
  ("PATH","/usr/local/sbin:/usr/local/bin:/usr/sbin:/usr/bin:/sbin:/bin")
[INFO] [makePDF] Source:
  % Options for packages loaded elsewhere
  \PassOptionsToPackage{unicode}{hyperref}
  \PassOptionsToPackage{hyphens}{url}
  %
  \documentclass[
    ignorenonframetext,
    handout,
    aspectratio=169,
  ]{beamer}
  \usepackage{pgfpages}
  \setbeamertemplate{caption}[numbered]
  \setbeamertemplate{caption label separator}{: }
  \setbeamercolor{caption name}{fg=normal text.fg}
  \beamertemplatenavigationsymbolsempty
  % Prevent slide breaks in the middle of a paragraph
  \widowpenalties 1 10000
  \raggedbottom
  \setbeamertemplate{part page}{
    \centering
    \begin{beamercolorbox}[sep=16pt,center]{part title}
      \usebeamerfont{part title}\insertpart\par
    \end{beamercolorbox}
  }
  \setbeamertemplate{section page}{
    \centering
    \begin{beamercolorbox}[sep=12pt,center]{part title}
      \usebeamerfont{section title}\insertsection\par
    \end{beamercolorbox}
  }
  \setbeamertemplate{subsection page}{
    \centering
    \begin{beamercolorbox}[sep=8pt,center]{part title}
      \usebeamerfont{subsection title}\insertsubsection\par
    \end{beamercolorbox}
  }
  \AtBeginPart{
    \frame{\partpage}
  }
  \AtBeginSection{
    \ifbibliography
    \else
      \frame{\sectionpage}
    \fi
  }
  \AtBeginSubsection{
    \frame{\subsectionpage}
  }
  \usepackage{amsmath,amssymb}
  \usepackage{iftex}
  \ifPDFTeX
    \usepackage[T1]{fontenc}
    \usepackage[utf8]{inputenc}
    \usepackage{textcomp} % provide euro and other symbols
  \else % if luatex or xetex
    \usepackage{unicode-math} % this also loads fontspec
    \defaultfontfeatures{Scale=MatchLowercase}
    \defaultfontfeatures[\rmfamily]{Ligatures=TeX,Scale=1}
  \fi
  \usepackage{lmodern}
  \ifPDFTeX\else
    % xetex/luatex font selection
  \fi
  % Use upquote if available, for straight quotes in verbatim environments
  \IfFileExists{upquote.sty}{\usepackage{upquote}}{}
  \IfFileExists{microtype.sty}{% use microtype if available
    \usepackage[]{microtype}
    \UseMicrotypeSet[protrusion]{basicmath} % disable protrusion for tt fonts
  }{}
  \makeatletter
  \@ifundefined{KOMAClassName}{% if non-KOMA class
    \IfFileExists{parskip.sty}{%
      \usepackage{parskip}
    }{% else
      \setlength{\parindent}{0pt}
      \setlength{\parskip}{6pt plus 2pt minus 1pt}}
  }{% if KOMA class
    \KOMAoptions{parskip=half}}
  \makeatother
  \usepackage{xcolor}
  \newif\ifbibliography
  \setlength{\emergencystretch}{3em} % prevent overfull lines
  \providecommand{\tightlist}{%
    \setlength{\itemsep}{0pt}\setlength{\parskip}{0pt}}
  \setcounter{secnumdepth}{-\maxdimen} % remove section numbering
  \ifLuaTeX
    \usepackage{selnolig}  % disable illegal ligatures
  \fi
  \usepackage{bookmark}
  \IfFileExists{xurl.sty}{\usepackage{xurl}}{} % add URL line breaks if available
  \urlstyle{same}
  \hypersetup{
    pdftitle={Eating Habits},
    pdfauthor={John Doe},
    hidelinks,
    pdfcreator={LaTeX via pandoc}}
  
  \title{Eating Habits}
  \author{John Doe}
  \date{March 22, 2005}
  
  \begin{document}
  \frame{\titlepage}
  
  \begin{frame}{In the morning}
  \phantomsection\label{in-the-morning}
  \begin{itemize}
  \tightlist
  \item
    Eat eggs
  \item
    Drink coffee
  \end{itemize}
  \end{frame}
  
  \begin{frame}{In the evening}
  \phantomsection\label{in-the-evening}
  \begin{itemize}
  \tightlist
  \item
    Eat spaghetti
  \item
    Drink wine
  \end{itemize}
  \end{frame}
  
  \end{document}
[INFO] [makePDF] LaTeX run number 1
[INFO] [makePDF] LaTeX output
  This is LuaHBTeX, Version 1.14.0 (TeX Live 2022/dev/Debian) 
   restricted system commands enabled.
  (/tmp/tex2pdf.-f0c4aaee8010f64b/input.tex
  LaTeX2e <2021-11-15> patch level 1
   L3 programming layer <2022-01-21>
  (/usr/share/texlive/texmf-dist/tex/latex/beamer/beamer.cls
  Document Class: beamer 2022/01/21 v3.65 A class for typesetting presentations
  (/usr/share/texlive/texmf-dist/tex/latex/beamer/beamerbasemodes.sty
  (/usr/share/texlive/texmf-dist/tex/latex/etoolbox/etoolbox.sty)
  (/usr/share/texlive/texmf-dist/tex/latex/beamer/beamerbasedecode.sty))
  (/usr/share/texlive/texmf-dist/tex/generic/iftex/ifpdf.sty
  (/usr/share/texlive/texmf-dist/tex/generic/iftex/iftex.sty))
  (/usr/share/texlive/texmf-dist/tex/latex/beamer/beamerbaseoptions.sty
  (/usr/share/texlive/texmf-dist/tex/latex/graphics/keyval.sty))
  (/usr/share/texlive/texmf-dist/tex/latex/geometry/geometry.sty
  (/usr/share/texlive/texmf-dist/tex/generic/iftex/ifvtex.sty))
  (/usr/share/texlive/texmf-dist/tex/latex/pgf/basiclayer/pgfcore.sty
  (/usr/share/texlive/texmf-dist/tex/latex/graphics/graphicx.sty
  (/usr/share/texlive/texmf-dist/tex/latex/graphics/graphics.sty
  (/usr/share/texlive/texmf-dist/tex/latex/graphics/trig.sty)
  (/usr/share/texlive/texmf-dist/tex/latex/graphics-cfg/graphics.cfg)
  (/usr/share/texlive/texmf-dist/tex/latex/graphics-def/luatex.def)))
  (/usr/share/texlive/texmf-dist/tex/latex/pgf/systemlayer/pgfsys.sty
  (/usr/share/texlive/texmf-dist/tex/latex/pgf/utilities/pgfrcs.sty
  (/usr/share/texlive/texmf-dist/tex/generic/pgf/utilities/pgfutil-common.tex
  (/usr/share/texlive/texmf-dist/tex/generic/pgf/utilities/pgfutil-common-lists.t
  ex)) (/usr/share/texlive/texmf-dist/tex/generic/pgf/utilities/pgfutil-latex.def
  ) (/usr/share/texlive/texmf-dist/tex/generic/pgf/utilities/pgfrcs.code.tex
  (/usr/share/texlive/texmf-dist/tex/generic/pgf/pgf.revision.tex)))
  (/usr/share/texlive/texmf-dist/tex/generic/pgf/systemlayer/pgfsys.code.tex
  (/usr/share/texlive/texmf-dist/tex/generic/pgf/utilities/pgfkeys.code.tex
  (/usr/share/texlive/texmf-dist/tex/generic/pgf/utilities/pgfkeysfiltered.code.t
  ex)) (/usr/share/texlive/texmf-dist/tex/generic/pgf/systemlayer/pgf.cfg)
  (/usr/share/texlive/texmf-dist/tex/generic/pgf/systemlayer/pgfsys-luatex.def
  (/usr/share/texlive/texmf-dist/tex/generic/pgf/systemlayer/pgfsys-common-pdf.de
  f)))
  (/usr/share/texlive/texmf-dist/tex/generic/pgf/systemlayer/pgfsyssoftpath.code.
  tex)
  (/usr/share/texlive/texmf-dist/tex/generic/pgf/systemlayer/pgfsysprotocol.code.
  tex)) (/usr/share/texlive/texmf-dist/tex/latex/xcolor/xcolor.sty
  (/usr/share/texlive/texmf-dist/tex/latex/graphics-cfg/color.cfg))
  (/usr/share/texlive/texmf-dist/tex/generic/pgf/basiclayer/pgfcore.code.tex
  (/usr/share/texlive/texmf-dist/tex/generic/pgf/math/pgfmath.code.tex
  (/usr/share/texlive/texmf-dist/tex/generic/pgf/math/pgfmathcalc.code.tex
  (/usr/share/texlive/texmf-dist/tex/generic/pgf/math/pgfmathutil.code.tex)
  (/usr/share/texlive/texmf-dist/tex/generic/pgf/math/pgfmathparser.code.tex)
  (/usr/share/texlive/texmf-dist/tex/generic/pgf/math/pgfmathfunctions.code.tex
  (/usr/share/texlive/texmf-dist/tex/generic/pgf/math/pgfmathfunctions.basic.code
  .tex)
  (/usr/share/texlive/texmf-dist/tex/generic/pgf/math/pgfmathfunctions.trigonomet
  ric.code.tex)
  (/usr/share/texlive/texmf-dist/tex/generic/pgf/math/pgfmathfunctions.random.cod
  e.tex)
  (/usr/share/texlive/texmf-dist/tex/generic/pgf/math/pgfmathfunctions.comparison
  .code.tex)
  (/usr/share/texlive/texmf-dist/tex/generic/pgf/math/pgfmathfunctions.base.code.
  tex)
  (/usr/share/texlive/texmf-dist/tex/generic/pgf/math/pgfmathfunctions.round.code
  .tex)
  (/usr/share/texlive/texmf-dist/tex/generic/pgf/math/pgfmathfunctions.misc.code.
  tex)
  (/usr/share/texlive/texmf-dist/tex/generic/pgf/math/pgfmathfunctions.integerari
  thmetics.code.tex)))
  (/usr/share/texlive/texmf-dist/tex/generic/pgf/math/pgfmathfloat.code.tex))
  (/usr/share/texlive/texmf-dist/tex/generic/pgf/math/pgfint.code.tex)
  (/usr/share/texlive/texmf-dist/tex/generic/pgf/basiclayer/pgfcorepoints.code.te
  x)
  (/usr/share/texlive/texmf-dist/tex/generic/pgf/basiclayer/pgfcorepathconstruct.
  code.tex)
  (/usr/share/texlive/texmf-dist/tex/generic/pgf/basiclayer/pgfcorepathusage.code
  .tex)
  (/usr/share/texlive/texmf-dist/tex/generic/pgf/basiclayer/pgfcorescopes.code.te
  x)
  (/usr/share/texlive/texmf-dist/tex/generic/pgf/basiclayer/pgfcoregraphicstate.c
  ode.tex)
  (/usr/share/texlive/texmf-dist/tex/generic/pgf/basiclayer/pgfcoretransformation
  s.code.tex)
  (/usr/share/texlive/texmf-dist/tex/generic/pgf/basiclayer/pgfcorequick.code.tex
  )
  (/usr/share/texlive/texmf-dist/tex/generic/pgf/basiclayer/pgfcoreobjects.code.t
  ex)
  (/usr/share/texlive/texmf-dist/tex/generic/pgf/basiclayer/pgfcorepathprocessing
  .code.tex)
  (/usr/share/texlive/texmf-dist/tex/generic/pgf/basiclayer/pgfcorearrows.code.te
  x)
  (/usr/share/texlive/texmf-dist/tex/generic/pgf/basiclayer/pgfcoreshade.code.tex
  )
  (/usr/share/texlive/texmf-dist/tex/generic/pgf/basiclayer/pgfcoreimage.code.tex
  
  (/usr/share/texlive/texmf-dist/tex/generic/pgf/basiclayer/pgfcoreexternal.code.
  tex))
  (/usr/share/texlive/texmf-dist/tex/generic/pgf/basiclayer/pgfcorelayers.code.te
  x)
  (/usr/share/texlive/texmf-dist/tex/generic/pgf/basiclayer/pgfcoretransparency.c
  ode.tex)
  (/usr/share/texlive/texmf-dist/tex/generic/pgf/basiclayer/pgfcorepatterns.code.
  tex)
  (/usr/share/texlive/texmf-dist/tex/generic/pgf/basiclayer/pgfcorerdf.code.tex))
  ) (/usr/share/texlive/texmf-dist/tex/latex/base/size11.clo)
  (/usr/share/texlive/texmf-dist/tex/latex/pgf/utilities/xxcolor.sty)
  (/usr/share/texlive/texmf-dist/tex/latex/base/atbegshi-ltx.sty)
  (/usr/share/texlive/texmf-dist/tex/latex/hyperref/hyperref.sty
  (/usr/share/texlive/texmf-dist/tex/generic/ltxcmds/ltxcmds.sty)
  (/usr/share/texlive/texmf-dist/tex/generic/pdftexcmds/pdftexcmds.sty
  (/usr/share/texlive/texmf-dist/tex/generic/infwarerr/infwarerr.sty))
  (/usr/share/texlive/texmf-dist/tex/generic/kvsetkeys/kvsetkeys.sty)
  (/usr/share/texlive/texmf-dist/tex/generic/kvdefinekeys/kvdefinekeys.sty)
  (/usr/share/texlive/texmf-dist/tex/generic/pdfescape/pdfescape.sty)
  (/usr/share/texlive/texmf-dist/tex/latex/hycolor/hycolor.sty)
  (/usr/share/texlive/texmf-dist/tex/latex/letltxmacro/letltxmacro.sty)
  (/usr/share/texlive/texmf-dist/tex/latex/auxhook/auxhook.sty)
  (/usr/share/texlive/texmf-dist/tex/latex/kvoptions/kvoptions.sty)
  (/usr/share/texlive/texmf-dist/tex/latex/hyperref/pd1enc.def)
  (/usr/share/texlive/texmf-dist/tex/latex/hyperref/hyperref-langpatches.def)
  (/usr/share/texlive/texmf-dist/tex/generic/intcalc/intcalc.sty)
  (/usr/share/texlive/texmf-dist/tex/generic/etexcmds/etexcmds.sty)
  (/usr/share/texlive/texmf-dist/tex/latex/hyperref/puenc.def)
  (/usr/share/texlive/texmf-dist/tex/latex/url/url.sty)
  (/usr/share/texlive/texmf-dist/tex/generic/bitset/bitset.sty
  (/usr/share/texlive/texmf-dist/tex/generic/bigintcalc/bigintcalc.sty))
  
  Package hyperref Message: Stopped early.
  
  ) (/usr/share/texlive/texmf-dist/tex/latex/hyperref/hluatex.def
  (/usr/share/texlive/texmf-dist/tex/generic/stringenc/stringenc.sty)
  (/usr/share/texlive/texmf-dist/tex/latex/base/atveryend-ltx.sty)
  (/usr/share/texlive/texmf-dist/tex/latex/rerunfilecheck/rerunfilecheck.sty
  (/usr/share/texlive/texmf-dist/tex/generic/uniquecounter/uniquecounter.sty)))
  (/usr/share/texlive/texmf-dist/tex/latex/beamer/beamerbaserequires.sty
  (/usr/share/texlive/texmf-dist/tex/latex/beamer/beamerbasecompatibility.sty)
  (/usr/share/texlive/texmf-dist/tex/latex/beamer/beamerbasefont.sty
  (/usr/share/texlive/texmf-dist/tex/latex/amsfonts/amssymb.sty
  (/usr/share/texlive/texmf-dist/tex/latex/amsfonts/amsfonts.sty))
  (/usr/share/texlive/texmf-dist/tex/latex/sansmathaccent/sansmathaccent.sty
  (/usr/share/texlive/texmf-dist/tex/latex/koma-script/scrlfile.sty
  (/usr/share/texlive/texmf-dist/tex/latex/koma-script/scrlfile-hook.sty
  (/usr/share/texlive/texmf-dist/tex/latex/koma-script/scrlogo.sty)))))
  (/usr/share/texlive/texmf-dist/tex/latex/beamer/beamerbasetranslator.sty
  (/usr/share/texlive/texmf-dist/tex/latex/translator/translator.sty))
  (/usr/share/texlive/texmf-dist/tex/latex/beamer/beamerbasemisc.sty)
  (/usr/share/texlive/texmf-dist/tex/latex/beamer/beamerbasetwoscreens.sty)
  (/usr/share/texlive/texmf-dist/tex/latex/beamer/beamerbaseoverlay.sty)
  (/usr/share/texlive/texmf-dist/tex/latex/beamer/beamerbasetitle.sty)
  (/usr/share/texlive/texmf-dist/tex/latex/beamer/beamerbasesection.sty)
  (/usr/share/texlive/texmf-dist/tex/latex/beamer/beamerbaseframe.sty)
  (/usr/share/texlive/texmf-dist/tex/latex/beamer/beamerbaseverbatim.sty)
  (/usr/share/texlive/texmf-dist/tex/latex/beamer/beamerbaseframesize.sty)
  (/usr/share/texlive/texmf-dist/tex/latex/beamer/beamerbaseframecomponents.sty)
  (/usr/share/texlive/texmf-dist/tex/latex/beamer/beamerbasecolor.sty)
  (/usr/share/texlive/texmf-dist/tex/latex/beamer/beamerbasenotes.sty)
  (/usr/share/texlive/texmf-dist/tex/latex/beamer/beamerbasetoc.sty)
  (/usr/share/texlive/texmf-dist/tex/latex/beamer/beamerbasetemplates.sty
  (/usr/share/texlive/texmf-dist/tex/latex/beamer/beamerbaseauxtemplates.sty
  (/usr/share/texlive/texmf-dist/tex/latex/beamer/beamerbaseboxes.sty)))
  (/usr/share/texlive/texmf-dist/tex/latex/beamer/beamerbaselocalstructure.sty
  (/usr/share/texlive/texmf-dist/tex/latex/tools/enumerate.sty))
  (/usr/share/texlive/texmf-dist/tex/latex/beamer/beamerbasenavigation.sty)
  (/usr/share/texlive/texmf-dist/tex/latex/beamer/beamerbasetheorems.sty
  (/usr/share/texlive/texmf-dist/tex/latex/amsmath/amsmath.sty
  For additional information on amsmath, use the `?' option.
  (/usr/share/texlive/texmf-dist/tex/latex/amsmath/amstext.sty
  (/usr/share/texlive/texmf-dist/tex/latex/amsmath/amsgen.sty))
  (/usr/share/texlive/texmf-dist/tex/latex/amsmath/amsbsy.sty)
  (/usr/share/texlive/texmf-dist/tex/latex/amsmath/amsopn.sty))
  (/usr/share/texlive/texmf-dist/tex/latex/amscls/amsthm.sty))
  (/usr/share/texlive/texmf-dist/tex/latex/beamer/beamerbasethemes.sty))
  (/usr/share/texlive/texmf-dist/tex/latex/beamer/beamerthemedefault.sty
  (/usr/share/texlive/texmf-dist/tex/latex/beamer/beamerfontthemedefault.sty)
  (/usr/share/texlive/texmf-dist/tex/latex/beamer/beamercolorthemedefault.sty)
  (/usr/share/texlive/texmf-dist/tex/latex/beamer/beamerinnerthemedefault.sty)
  (/usr/share/texlive/texmf-dist/tex/latex/beamer/beamerouterthemedefault.sty)))
  (/usr/share/texlive/texmf-dist/tex/latex/pgf/utilities/pgfpages.sty
  (/usr/share/texlive/texmf-dist/tex/latex/tools/calc.sty))
  (/usr/share/texlive/texmf-dist/tex/latex/unicode-math/unicode-math.sty
  (/usr/share/texlive/texmf-dist/tex/latex/l3kernel/expl3.sty
  (/usr/share/texlive/texmf-dist/tex/latex/l3backend/l3backend-luatex.def))
  (/usr/share/texlive/texmf-dist/tex/latex/unicode-math/unicode-math-luatex.sty
  (/usr/share/texlive/texmf-dist/tex/latex/l3packages/xparse/xparse.sty)
  (/usr/share/texlive/texmf-dist/tex/latex/l3packages/l3keys2e/l3keys2e.sty)
  (/usr/share/texlive/texmf-dist/tex/latex/fontspec/fontspec.sty
  (/usr/share/texlive/texmf-dist/tex/latex/fontspec/fontspec-luatex.sty
  (/usr/share/texlive/texmf-dist/tex/latex/base/fontenc.sty)
  (/usr/share/texlive/texmf-dist/tex/latex/fontspec/fontspec.cfg)))
  (/usr/share/texlive/texmf-dist/tex/latex/base/fix-cm.sty
  (/usr/share/texlive/texmf-dist/tex/latex/base/ts1enc.def))
  (/usr/share/texlive/texmf-dist/tex/lualatex/lualatex-math/lualatex-math.sty)
  (/usr/share/texlive/texmf-dist/tex/latex/unicode-math/unicode-math-table.tex)))
   (/usr/share/texmf/tex/latex/lm/lmodern.sty)
  (/usr/share/texlive/texmf-dist/tex/latex/upquote/upquote.sty
  (/usr/share/texlive/texmf-dist/tex/latex/base/textcomp.sty))
  (/usr/share/texlive/texmf-dist/tex/latex/microtype/microtype.sty
  (/usr/share/texlive/texmf-dist/tex/latex/microtype/microtype-luatex.def)
  (/usr/share/texlive/texmf-dist/tex/latex/microtype/microtype.cfg))
  (/usr/share/texlive/texmf-dist/tex/latex/parskip/parskip.sty)
  (/usr/share/texlive/texmf-dist/tex/lualatex/selnolig/selnolig.sty
  === Package selnolig, Version 0.302, Date 2015/10/26 ===
  (/usr/share/texlive/texmf-dist/tex/generic/iftex/ifluatex.sty)
  (/usr/share/texlive/texmf-dist/tex/luatex/luatexbase/luatexbase.sty
  (/usr/share/texlive/texmf-dist/tex/luatex/ctablestack/ctablestack.sty)))
  (/usr/share/texlive/texmf-dist/tex/latex/bookmark/bookmark.sty
  (/usr/share/texlive/texmf-dist/tex/latex/bookmark/bkm-pdftex.def))
  (/usr/share/texlive/texmf-dist/tex/latex/xurl/xurl.sty)
  No file input.aux.
  *geometry* driver: auto-detecting
  *geometry* detected driver: luatex
  (/usr/share/texlive/texmf-dist/tex/context/base/mkii/supp-pdf.mkii
  [Loading MPS to PDF converter (version 2006.09.02).]
  ) (/usr/share/texlive/texmf-dist/tex/latex/epstopdf-pkg/epstopdf-base.sty
  (/usr/share/texlive/texmf-dist/tex/latex/latexconfig/epstopdf-sys.cfg))
  (/usr/share/texlive/texmf-dist/tex/latex/hyperref/nameref.sty
  (/usr/share/texlive/texmf-dist/tex/latex/refcount/refcount.sty)
  (/usr/share/texlive/texmf-dist/tex/generic/gettitlestring/gettitlestring.sty))
  (/usr/share/texlive/texmf-dist/tex/latex/translator/translator-basic-dictionary
  -English.dict)
  (/usr/share/texlive/texmf-dist/tex/latex/translator/translator-bibliography-dic
  tionary-English.dict)
  (/usr/share/texlive/texmf-dist/tex/latex/translator/translator-environment-dict
  ionary-English.dict)
  (/usr/share/texlive/texmf-dist/tex/latex/translator/translator-months-dictionar
  y-English.dict)
  (/usr/share/texlive/texmf-dist/tex/latex/translator/translator-numbers-dictiona
  ry-English.dict)
  (/usr/share/texlive/texmf-dist/tex/latex/translator/translator-theorem-dictiona
  ry-English.dict) (/usr/share/texmf/tex/latex/lm/omllmm.fd)
  (/usr/share/texlive/texmf-dist/tex/latex/amsfonts/umsa.fd)
  (/usr/share/texlive/texmf-dist/tex/latex/amsfonts/umsb.fd)
  
  Package microtype Warning: Unable to apply patch `footnote' on input line 101.
  
  No file input.nav.
  [1{/var/lib/texmf/fonts/map/pdftex/updmap/pdftex.map}] [2] [3]
  (/tmp/tex2pdf.-f0c4aaee8010f64b/input.aux)
  
  LaTeX Warning: Label(s) may have changed. Rerun to get cross-references right.
  
  )
   2024 words of node memory still in use:
     28 hlist, 10 vlist, 4 rule, 5 local_par, 4 math, 60 glue, 6 kern, 18 penalty
  , 1 margin_kern, 39 glyph, 76 attribute, 64 glue_spec, 76 attribute_list, 1 sha
  pe, 7 write, 1 user_defined, 1 pdf_dest, 20 pdf_colorstack nodes
     avail lists: 1:4,2:152,3:46,4:170,5:50,6:14,7:348,8:8,9:204,10:2,11:6
  </usr/share/texmf/fonts/opentype/public/lm-math/latinmodern-math.otf></usr/shar
  e/texmf/fonts/opentype/public/lm/lmsans10-regular.otf></usr/share/texmf/fonts/o
  pentype/public/lm/lmsans12-regular.otf>
  Output written on input.pdf (3 pages, 9838 bytes).
  Transcript written on input.log.
[INFO] [makePDF] Rerun needed
  LaTeX Warning: Label(s) may have changed. Rerun to get cross-references right.
  TOC changed
[INFO] [makePDF] LaTeX run number 2
[INFO] [makePDF] LaTeX output
  This is LuaHBTeX, Version 1.14.0 (TeX Live 2022/dev/Debian) 
   restricted system commands enabled.
  (/tmp/tex2pdf.-f0c4aaee8010f64b/input.tex
  LaTeX2e <2021-11-15> patch level 1
   L3 programming layer <2022-01-21>
  (/usr/share/texlive/texmf-dist/tex/latex/beamer/beamer.cls
  Document Class: beamer 2022/01/21 v3.65 A class for typesetting presentations
  (/usr/share/texlive/texmf-dist/tex/latex/beamer/beamerbasemodes.sty
  (/usr/share/texlive/texmf-dist/tex/latex/etoolbox/etoolbox.sty)
  (/usr/share/texlive/texmf-dist/tex/latex/beamer/beamerbasedecode.sty))
  (/usr/share/texlive/texmf-dist/tex/generic/iftex/ifpdf.sty
  (/usr/share/texlive/texmf-dist/tex/generic/iftex/iftex.sty))
  (/usr/share/texlive/texmf-dist/tex/latex/beamer/beamerbaseoptions.sty
  (/usr/share/texlive/texmf-dist/tex/latex/graphics/keyval.sty))
  (/usr/share/texlive/texmf-dist/tex/latex/geometry/geometry.sty
  (/usr/share/texlive/texmf-dist/tex/generic/iftex/ifvtex.sty))
  (/usr/share/texlive/texmf-dist/tex/latex/pgf/basiclayer/pgfcore.sty
  (/usr/share/texlive/texmf-dist/tex/latex/graphics/graphicx.sty
  (/usr/share/texlive/texmf-dist/tex/latex/graphics/graphics.sty
  (/usr/share/texlive/texmf-dist/tex/latex/graphics/trig.sty)
  (/usr/share/texlive/texmf-dist/tex/latex/graphics-cfg/graphics.cfg)
  (/usr/share/texlive/texmf-dist/tex/latex/graphics-def/luatex.def)))
  (/usr/share/texlive/texmf-dist/tex/latex/pgf/systemlayer/pgfsys.sty
  (/usr/share/texlive/texmf-dist/tex/latex/pgf/utilities/pgfrcs.sty
  (/usr/share/texlive/texmf-dist/tex/generic/pgf/utilities/pgfutil-common.tex
  (/usr/share/texlive/texmf-dist/tex/generic/pgf/utilities/pgfutil-common-lists.t
  ex)) (/usr/share/texlive/texmf-dist/tex/generic/pgf/utilities/pgfutil-latex.def
  ) (/usr/share/texlive/texmf-dist/tex/generic/pgf/utilities/pgfrcs.code.tex
  (/usr/share/texlive/texmf-dist/tex/generic/pgf/pgf.revision.tex)))
  (/usr/share/texlive/texmf-dist/tex/generic/pgf/systemlayer/pgfsys.code.tex
  (/usr/share/texlive/texmf-dist/tex/generic/pgf/utilities/pgfkeys.code.tex
  (/usr/share/texlive/texmf-dist/tex/generic/pgf/utilities/pgfkeysfiltered.code.t
  ex)) (/usr/share/texlive/texmf-dist/tex/generic/pgf/systemlayer/pgf.cfg)
  (/usr/share/texlive/texmf-dist/tex/generic/pgf/systemlayer/pgfsys-luatex.def
  (/usr/share/texlive/texmf-dist/tex/generic/pgf/systemlayer/pgfsys-common-pdf.de
  f)))
  (/usr/share/texlive/texmf-dist/tex/generic/pgf/systemlayer/pgfsyssoftpath.code.
  tex)
  (/usr/share/texlive/texmf-dist/tex/generic/pgf/systemlayer/pgfsysprotocol.code.
  tex)) (/usr/share/texlive/texmf-dist/tex/latex/xcolor/xcolor.sty
  (/usr/share/texlive/texmf-dist/tex/latex/graphics-cfg/color.cfg))
  (/usr/share/texlive/texmf-dist/tex/generic/pgf/basiclayer/pgfcore.code.tex
  (/usr/share/texlive/texmf-dist/tex/generic/pgf/math/pgfmath.code.tex
  (/usr/share/texlive/texmf-dist/tex/generic/pgf/math/pgfmathcalc.code.tex
  (/usr/share/texlive/texmf-dist/tex/generic/pgf/math/pgfmathutil.code.tex)
  (/usr/share/texlive/texmf-dist/tex/generic/pgf/math/pgfmathparser.code.tex)
  (/usr/share/texlive/texmf-dist/tex/generic/pgf/math/pgfmathfunctions.code.tex
  (/usr/share/texlive/texmf-dist/tex/generic/pgf/math/pgfmathfunctions.basic.code
  .tex)
  (/usr/share/texlive/texmf-dist/tex/generic/pgf/math/pgfmathfunctions.trigonomet
  ric.code.tex)
  (/usr/share/texlive/texmf-dist/tex/generic/pgf/math/pgfmathfunctions.random.cod
  e.tex)
  (/usr/share/texlive/texmf-dist/tex/generic/pgf/math/pgfmathfunctions.comparison
  .code.tex)
  (/usr/share/texlive/texmf-dist/tex/generic/pgf/math/pgfmathfunctions.base.code.
  tex)
  (/usr/share/texlive/texmf-dist/tex/generic/pgf/math/pgfmathfunctions.round.code
  .tex)
  (/usr/share/texlive/texmf-dist/tex/generic/pgf/math/pgfmathfunctions.misc.code.
  tex)
  (/usr/share/texlive/texmf-dist/tex/generic/pgf/math/pgfmathfunctions.integerari
  thmetics.code.tex)))
  (/usr/share/texlive/texmf-dist/tex/generic/pgf/math/pgfmathfloat.code.tex))
  (/usr/share/texlive/texmf-dist/tex/generic/pgf/math/pgfint.code.tex)
  (/usr/share/texlive/texmf-dist/tex/generic/pgf/basiclayer/pgfcorepoints.code.te
  x)
  (/usr/share/texlive/texmf-dist/tex/generic/pgf/basiclayer/pgfcorepathconstruct.
  code.tex)
  (/usr/share/texlive/texmf-dist/tex/generic/pgf/basiclayer/pgfcorepathusage.code
  .tex)
  (/usr/share/texlive/texmf-dist/tex/generic/pgf/basiclayer/pgfcorescopes.code.te
  x)
  (/usr/share/texlive/texmf-dist/tex/generic/pgf/basiclayer/pgfcoregraphicstate.c
  ode.tex)
  (/usr/share/texlive/texmf-dist/tex/generic/pgf/basiclayer/pgfcoretransformation
  s.code.tex)
  (/usr/share/texlive/texmf-dist/tex/generic/pgf/basiclayer/pgfcorequick.code.tex
  )
  (/usr/share/texlive/texmf-dist/tex/generic/pgf/basiclayer/pgfcoreobjects.code.t
  ex)
  (/usr/share/texlive/texmf-dist/tex/generic/pgf/basiclayer/pgfcorepathprocessing
  .code.tex)
  (/usr/share/texlive/texmf-dist/tex/generic/pgf/basiclayer/pgfcorearrows.code.te
  x)
  (/usr/share/texlive/texmf-dist/tex/generic/pgf/basiclayer/pgfcoreshade.code.tex
  )
  (/usr/share/texlive/texmf-dist/tex/generic/pgf/basiclayer/pgfcoreimage.code.tex
  
  (/usr/share/texlive/texmf-dist/tex/generic/pgf/basiclayer/pgfcoreexternal.code.
  tex))
  (/usr/share/texlive/texmf-dist/tex/generic/pgf/basiclayer/pgfcorelayers.code.te
  x)
  (/usr/share/texlive/texmf-dist/tex/generic/pgf/basiclayer/pgfcoretransparency.c
  ode.tex)
  (/usr/share/texlive/texmf-dist/tex/generic/pgf/basiclayer/pgfcorepatterns.code.
  tex)
  (/usr/share/texlive/texmf-dist/tex/generic/pgf/basiclayer/pgfcorerdf.code.tex))
  ) (/usr/share/texlive/texmf-dist/tex/latex/base/size11.clo)
  (/usr/share/texlive/texmf-dist/tex/latex/pgf/utilities/xxcolor.sty)
  (/usr/share/texlive/texmf-dist/tex/latex/base/atbegshi-ltx.sty)
  (/usr/share/texlive/texmf-dist/tex/latex/hyperref/hyperref.sty
  (/usr/share/texlive/texmf-dist/tex/generic/ltxcmds/ltxcmds.sty)
  (/usr/share/texlive/texmf-dist/tex/generic/pdftexcmds/pdftexcmds.sty
  (/usr/share/texlive/texmf-dist/tex/generic/infwarerr/infwarerr.sty))
  (/usr/share/texlive/texmf-dist/tex/generic/kvsetkeys/kvsetkeys.sty)
  (/usr/share/texlive/texmf-dist/tex/generic/kvdefinekeys/kvdefinekeys.sty)
  (/usr/share/texlive/texmf-dist/tex/generic/pdfescape/pdfescape.sty)
  (/usr/share/texlive/texmf-dist/tex/latex/hycolor/hycolor.sty)
  (/usr/share/texlive/texmf-dist/tex/latex/letltxmacro/letltxmacro.sty)
  (/usr/share/texlive/texmf-dist/tex/latex/auxhook/auxhook.sty)
  (/usr/share/texlive/texmf-dist/tex/latex/kvoptions/kvoptions.sty)
  (/usr/share/texlive/texmf-dist/tex/latex/hyperref/pd1enc.def)
  (/usr/share/texlive/texmf-dist/tex/latex/hyperref/hyperref-langpatches.def)
  (/usr/share/texlive/texmf-dist/tex/generic/intcalc/intcalc.sty)
  (/usr/share/texlive/texmf-dist/tex/generic/etexcmds/etexcmds.sty)
  (/usr/share/texlive/texmf-dist/tex/latex/hyperref/puenc.def)
  (/usr/share/texlive/texmf-dist/tex/latex/url/url.sty)
  (/usr/share/texlive/texmf-dist/tex/generic/bitset/bitset.sty
  (/usr/share/texlive/texmf-dist/tex/generic/bigintcalc/bigintcalc.sty))
  
  Package hyperref Message: Stopped early.
  
  ) (/usr/share/texlive/texmf-dist/tex/latex/hyperref/hluatex.def
  (/usr/share/texlive/texmf-dist/tex/generic/stringenc/stringenc.sty)
  (/usr/share/texlive/texmf-dist/tex/latex/base/atveryend-ltx.sty)
  (/usr/share/texlive/texmf-dist/tex/latex/rerunfilecheck/rerunfilecheck.sty
  (/usr/share/texlive/texmf-dist/tex/generic/uniquecounter/uniquecounter.sty)))
  (/usr/share/texlive/texmf-dist/tex/latex/beamer/beamerbaserequires.sty
  (/usr/share/texlive/texmf-dist/tex/latex/beamer/beamerbasecompatibility.sty)
  (/usr/share/texlive/texmf-dist/tex/latex/beamer/beamerbasefont.sty
  (/usr/share/texlive/texmf-dist/tex/latex/amsfonts/amssymb.sty
  (/usr/share/texlive/texmf-dist/tex/latex/amsfonts/amsfonts.sty))
  (/usr/share/texlive/texmf-dist/tex/latex/sansmathaccent/sansmathaccent.sty
  (/usr/share/texlive/texmf-dist/tex/latex/koma-script/scrlfile.sty
  (/usr/share/texlive/texmf-dist/tex/latex/koma-script/scrlfile-hook.sty
  (/usr/share/texlive/texmf-dist/tex/latex/koma-script/scrlogo.sty)))))
  (/usr/share/texlive/texmf-dist/tex/latex/beamer/beamerbasetranslator.sty
  (/usr/share/texlive/texmf-dist/tex/latex/translator/translator.sty))
  (/usr/share/texlive/texmf-dist/tex/latex/beamer/beamerbasemisc.sty)
  (/usr/share/texlive/texmf-dist/tex/latex/beamer/beamerbasetwoscreens.sty)
  (/usr/share/texlive/texmf-dist/tex/latex/beamer/beamerbaseoverlay.sty)
  (/usr/share/texlive/texmf-dist/tex/latex/beamer/beamerbasetitle.sty)
  (/usr/share/texlive/texmf-dist/tex/latex/beamer/beamerbasesection.sty)
  (/usr/share/texlive/texmf-dist/tex/latex/beamer/beamerbaseframe.sty)
  (/usr/share/texlive/texmf-dist/tex/latex/beamer/beamerbaseverbatim.sty)
  (/usr/share/texlive/texmf-dist/tex/latex/beamer/beamerbaseframesize.sty)
  (/usr/share/texlive/texmf-dist/tex/latex/beamer/beamerbaseframecomponents.sty)
  (/usr/share/texlive/texmf-dist/tex/latex/beamer/beamerbasecolor.sty)
  (/usr/share/texlive/texmf-dist/tex/latex/beamer/beamerbasenotes.sty)
  (/usr/share/texlive/texmf-dist/tex/latex/beamer/beamerbasetoc.sty)
  (/usr/share/texlive/texmf-dist/tex/latex/beamer/beamerbasetemplates.sty
  (/usr/share/texlive/texmf-dist/tex/latex/beamer/beamerbaseauxtemplates.sty
  (/usr/share/texlive/texmf-dist/tex/latex/beamer/beamerbaseboxes.sty)))
  (/usr/share/texlive/texmf-dist/tex/latex/beamer/beamerbaselocalstructure.sty
  (/usr/share/texlive/texmf-dist/tex/latex/tools/enumerate.sty))
  (/usr/share/texlive/texmf-dist/tex/latex/beamer/beamerbasenavigation.sty)
  (/usr/share/texlive/texmf-dist/tex/latex/beamer/beamerbasetheorems.sty
  (/usr/share/texlive/texmf-dist/tex/latex/amsmath/amsmath.sty
  For additional information on amsmath, use the `?' option.
  (/usr/share/texlive/texmf-dist/tex/latex/amsmath/amstext.sty
  (/usr/share/texlive/texmf-dist/tex/latex/amsmath/amsgen.sty))
  (/usr/share/texlive/texmf-dist/tex/latex/amsmath/amsbsy.sty)
  (/usr/share/texlive/texmf-dist/tex/latex/amsmath/amsopn.sty))
  (/usr/share/texlive/texmf-dist/tex/latex/amscls/amsthm.sty))
  (/usr/share/texlive/texmf-dist/tex/latex/beamer/beamerbasethemes.sty))
  (/usr/share/texlive/texmf-dist/tex/latex/beamer/beamerthemedefault.sty
  (/usr/share/texlive/texmf-dist/tex/latex/beamer/beamerfontthemedefault.sty)
  (/usr/share/texlive/texmf-dist/tex/latex/beamer/beamercolorthemedefault.sty)
  (/usr/share/texlive/texmf-dist/tex/latex/beamer/beamerinnerthemedefault.sty)
  (/usr/share/texlive/texmf-dist/tex/latex/beamer/beamerouterthemedefault.sty)))
  (/usr/share/texlive/texmf-dist/tex/latex/pgf/utilities/pgfpages.sty
  (/usr/share/texlive/texmf-dist/tex/latex/tools/calc.sty))
  (/usr/share/texlive/texmf-dist/tex/latex/unicode-math/unicode-math.sty
  (/usr/share/texlive/texmf-dist/tex/latex/l3kernel/expl3.sty
  (/usr/share/texlive/texmf-dist/tex/latex/l3backend/l3backend-luatex.def))
  (/usr/share/texlive/texmf-dist/tex/latex/unicode-math/unicode-math-luatex.sty
  (/usr/share/texlive/texmf-dist/tex/latex/l3packages/xparse/xparse.sty)
  (/usr/share/texlive/texmf-dist/tex/latex/l3packages/l3keys2e/l3keys2e.sty)
  (/usr/share/texlive/texmf-dist/tex/latex/fontspec/fontspec.sty
  (/usr/share/texlive/texmf-dist/tex/latex/fontspec/fontspec-luatex.sty
  (/usr/share/texlive/texmf-dist/tex/latex/base/fontenc.sty)
  (/usr/share/texlive/texmf-dist/tex/latex/fontspec/fontspec.cfg)))
  (/usr/share/texlive/texmf-dist/tex/latex/base/fix-cm.sty
  (/usr/share/texlive/texmf-dist/tex/latex/base/ts1enc.def))
  (/usr/share/texlive/texmf-dist/tex/lualatex/lualatex-math/lualatex-math.sty)
  (/usr/share/texlive/texmf-dist/tex/latex/unicode-math/unicode-math-table.tex)))
   (/usr/share/texmf/tex/latex/lm/lmodern.sty)
  (/usr/share/texlive/texmf-dist/tex/latex/upquote/upquote.sty
  (/usr/share/texlive/texmf-dist/tex/latex/base/textcomp.sty))
  (/usr/share/texlive/texmf-dist/tex/latex/microtype/microtype.sty
  (/usr/share/texlive/texmf-dist/tex/latex/microtype/microtype-luatex.def)
  (/usr/share/texlive/texmf-dist/tex/latex/microtype/microtype.cfg))
  (/usr/share/texlive/texmf-dist/tex/latex/parskip/parskip.sty)
  (/usr/share/texlive/texmf-dist/tex/lualatex/selnolig/selnolig.sty
  === Package selnolig, Version 0.302, Date 2015/10/26 ===
  (/usr/share/texlive/texmf-dist/tex/generic/iftex/ifluatex.sty)
  (/usr/share/texlive/texmf-dist/tex/luatex/luatexbase/luatexbase.sty
  (/usr/share/texlive/texmf-dist/tex/luatex/ctablestack/ctablestack.sty)))
  (/usr/share/texlive/texmf-dist/tex/latex/bookmark/bookmark.sty
  (/usr/share/texlive/texmf-dist/tex/latex/bookmark/bkm-pdftex.def))
  (/usr/share/texlive/texmf-dist/tex/latex/xurl/xurl.sty)
  (/tmp/tex2pdf.-f0c4aaee8010f64b/input.aux)
  *geometry* driver: auto-detecting
  *geometry* detected driver: luatex
  (/usr/share/texlive/texmf-dist/tex/context/base/mkii/supp-pdf.mkii
  [Loading MPS to PDF converter (version 2006.09.02).]
  ) (/usr/share/texlive/texmf-dist/tex/latex/epstopdf-pkg/epstopdf-base.sty
  (/usr/share/texlive/texmf-dist/tex/latex/latexconfig/epstopdf-sys.cfg))
  (/usr/share/texlive/texmf-dist/tex/latex/hyperref/nameref.sty
  (/usr/share/texlive/texmf-dist/tex/latex/refcount/refcount.sty)
  (/usr/share/texlive/texmf-dist/tex/generic/gettitlestring/gettitlestring.sty))
  (/usr/share/texlive/texmf-dist/tex/latex/translator/translator-basic-dictionary
  -English.dict)
  (/usr/share/texlive/texmf-dist/tex/latex/translator/translator-bibliography-dic
  tionary-English.dict)
  (/usr/share/texlive/texmf-dist/tex/latex/translator/translator-environment-dict
  ionary-English.dict)
  (/usr/share/texlive/texmf-dist/tex/latex/translator/translator-months-dictionar
  y-English.dict)
  (/usr/share/texlive/texmf-dist/tex/latex/translator/translator-numbers-dictiona
  ry-English.dict)
  (/usr/share/texlive/texmf-dist/tex/latex/translator/translator-theorem-dictiona
  ry-English.dict) (/usr/share/texmf/tex/latex/lm/omllmm.fd)
  (/usr/share/texlive/texmf-dist/tex/latex/amsfonts/umsa.fd)
  (/usr/share/texlive/texmf-dist/tex/latex/amsfonts/umsb.fd)
  
  Package microtype Warning: Unable to apply patch `footnote' on input line 101.
  
  (/tmp/tex2pdf.-f0c4aaee8010f64b/input.nav) [1{/var/lib/texmf/fonts/map/pdftex/u
  pdmap/pdftex.map}] [2] [3] (/tmp/tex2pdf.-f0c4aaee8010f64b/input.aux))
   2024 words of node memory still in use:
     28 hlist, 10 vlist, 4 rule, 5 local_par, 4 math, 60 glue, 6 kern, 18 penalty
  , 1 margin_kern, 39 glyph, 76 attribute, 64 glue_spec, 76 attribute_list, 1 sha
  pe, 7 write, 1 user_defined, 1 pdf_dest, 20 pdf_colorstack nodes
     avail lists: 1:4,2:155,3:46,4:170,5:50,6:14,7:348,8:8,9:204,10:2,11:6
  </usr/share/texmf/fonts/opentype/public/lm-math/latinmodern-math.otf></usr/shar
  e/texmf/fonts/opentype/public/lm/lmsans10-regular.otf></usr/share/texmf/fonts/o
  pentype/public/lm/lmsans12-regular.otf>
  Output written on input.pdf (3 pages, 9838 bytes).
  Transcript written on input.log.
